<?xml version="1.0" encoding="UTF-8"?>
<coverage generated="1643850959396" clover="3.2.0">
  <project timestamp="1643850959396" name="All files">
    <metrics statements="68" coveredstatements="63" conditionals="18" coveredconditionals="14" methods="16" coveredmethods="16" elements="102" coveredelements="93" complexity="0" loc="68" ncloc="68" packages="1" files="3" classes="3"/>
    <file name="Enemy.js" path="C:\Users\james\Desktop\bootcamp\jest-another-RPG\lib\Enemy.js">
      <metrics statements="24" coveredstatements="24" conditionals="4" coveredconditionals="4" methods="6" coveredmethods="6"/>
      <line num="1" count="1" type="stmt"/>
      <line num="4" count="6" type="stmt"/>
      <line num="5" count="6" type="stmt"/>
      <line num="6" count="6" type="stmt"/>
      <line num="8" count="6" type="stmt"/>
      <line num="9" count="6" type="stmt"/>
      <line num="10" count="6" type="stmt"/>
      <line num="12" count="6" type="stmt"/>
      <line num="13" count="1" type="stmt"/>
      <line num="16" count="6" type="stmt"/>
      <line num="17" count="2" type="cond" truecount="2" falsecount="0"/>
      <line num="18" count="1" type="stmt"/>
      <line num="20" count="1" type="stmt"/>
      <line num="23" count="6" type="stmt"/>
      <line num="24" count="2" type="stmt"/>
      <line num="25" count="2" type="stmt"/>
      <line num="27" count="2" type="stmt"/>
      <line num="30" count="6" type="stmt"/>
      <line num="31" count="2" type="stmt"/>
      <line num="33" count="2" type="cond" truecount="2" falsecount="0"/>
      <line num="34" count="1" type="stmt"/>
      <line num="38" count="6" type="stmt"/>
      <line num="39" count="2" type="stmt"/>
      <line num="43" count="1" type="stmt"/>
    </file>
    <file name="Player.js" path="C:\Users\james\Desktop\bootcamp\jest-another-RPG\lib\Player.js">
      <metrics statements="38" coveredstatements="34" conditionals="10" coveredconditionals="7" methods="9" coveredmethods="9"/>
      <line num="1" count="1" type="stmt"/>
      <line num="4" count="9" type="stmt"/>
      <line num="6" count="9" type="stmt"/>
      <line num="7" count="9" type="stmt"/>
      <line num="8" count="9" type="stmt"/>
      <line num="10" count="9" type="stmt"/>
      <line num="13" count="9" type="stmt"/>
      <line num="14" count="4" type="stmt"/>
      <line num="23" count="9" type="stmt"/>
      <line num="24" count="3" type="cond" truecount="2" falsecount="0"/>
      <line num="25" count="2" type="stmt"/>
      <line num="27" count="1" type="stmt"/>
      <line num="30" count="9" type="stmt"/>
      <line num="31" count="1" type="stmt"/>
      <line num="34" count="9" type="stmt"/>
      <line num="35" count="2" type="cond" truecount="2" falsecount="0"/>
      <line num="36" count="1" type="stmt"/>
      <line num="38" count="1" type="stmt"/>
      <line num="41" count="9" type="stmt"/>
      <line num="42" count="2" type="stmt"/>
      <line num="44" count="2" type="cond" truecount="2" falsecount="0"/>
      <line num="45" count="1" type="stmt"/>
      <line num="49" count="9" type="stmt"/>
      <line num="50" count="2" type="stmt"/>
      <line num="51" count="2" type="stmt"/>
      <line num="53" count="2" type="stmt"/>
      <line num="56" count="9" type="stmt"/>
      <line num="57" count="1" type="stmt"/>
      <line num="60" count="9" type="stmt"/>
      <line num="61" count="1" type="stmt"/>
      <line num="63" count="1" type="cond" truecount="1" falsecount="2"/>
      <line num="65" count="0" type="stmt"/>
      <line num="66" count="0" type="stmt"/>
      <line num="68" count="1" type="stmt"/>
      <line num="69" count="1" type="stmt"/>
      <line num="71" count="0" type="stmt"/>
      <line num="72" count="0" type="stmt"/>
      <line num="77" count="1" type="stmt"/>
    </file>
    <file name="Potion.js" path="C:\Users\james\Desktop\bootcamp\jest-another-RPG\lib\Potion.js">
      <metrics statements="6" coveredstatements="5" conditionals="4" coveredconditionals="3" methods="1" coveredmethods="1"/>
      <line num="2" count="1" type="stmt"/>
      <line num="3" count="1" type="cond" truecount="2" falsecount="0"/>
      <line num="5" count="1" type="cond" truecount="1" falsecount="1"/>
      <line num="6" count="1" type="stmt"/>
      <line num="8" count="0" type="stmt"/>
      <line num="12" count="1" type="stmt"/>
    </file>
  </project>
</coverage>
