{"C:\\Users\\james\\Desktop\\bootcamp\\jest-another-RPG\\lib\\Enemy.js": {"path":"C:\\Users\\james\\Desktop\\bootcamp\\jest-another-RPG\\lib\\Enemy.js","statementMap":{"0":{"start":{"line":1,"column":15},"end":{"line":1,"column":34}},"1":{"start":{"line":4,"column":4},"end":{"line":4,"column":21}},"2":{"start":{"line":5,"column":4},"end":{"line":5,"column":25}},"3":{"start":{"line":6,"column":4},"end":{"line":6,"column":31}},"4":{"start":{"line":8,"column":4},"end":{"line":8,"column":54}},"5":{"start":{"line":9,"column":4},"end":{"line":9,"column":54}},"6":{"start":{"line":10,"column":4},"end":{"line":10,"column":53}},"7":{"start":{"line":12,"column":4},"end":{"line":14,"column":8}},"8":{"start":{"line":13,"column":8},"end":{"line":13,"column":66}},"9":{"start":{"line":16,"column":6},"end":{"line":21,"column":8}},"10":{"start":{"line":17,"column":8},"end":{"line":19,"column":9}},"11":{"start":{"line":18,"column":10},"end":{"line":18,"column":23}},"12":{"start":{"line":20,"column":8},"end":{"line":20,"column":20}},"13":{"start":{"line":23,"column":6},"end":{"line":28,"column":8}},"14":{"start":{"line":24,"column":20},"end":{"line":24,"column":37}},"15":{"start":{"line":25,"column":20},"end":{"line":25,"column":37}},"16":{"start":{"line":27,"column":8},"end":{"line":27,"column":61}},"17":{"start":{"line":30,"column":6},"end":{"line":36,"column":8}},"18":{"start":{"line":31,"column":8},"end":{"line":31,"column":30}},"19":{"start":{"line":33,"column":8},"end":{"line":35,"column":9}},"20":{"start":{"line":34,"column":10},"end":{"line":34,"column":26}},"21":{"start":{"line":38,"column":6},"end":{"line":40,"column":8}},"22":{"start":{"line":39,"column":10},"end":{"line":39,"column":73}},"23":{"start":{"line":43,"column":0},"end":{"line":43,"column":23}}},"fnMap":{"0":{"name":"Enemy","decl":{"start":{"line":3,"column":9},"end":{"line":3,"column":14}},"loc":{"start":{"line":3,"column":29},"end":{"line":41,"column":1}},"line":3},"1":{"name":"(anonymous_1)","decl":{"start":{"line":12,"column":32},"end":{"line":12,"column":33}},"loc":{"start":{"line":12,"column":43},"end":{"line":14,"column":7}},"line":12},"2":{"name":"(anonymous_2)","decl":{"start":{"line":16,"column":32},"end":{"line":16,"column":33}},"loc":{"start":{"line":16,"column":43},"end":{"line":21,"column":7}},"line":16},"3":{"name":"(anonymous_3)","decl":{"start":{"line":23,"column":39},"end":{"line":23,"column":40}},"loc":{"start":{"line":23,"column":50},"end":{"line":28,"column":7}},"line":23},"4":{"name":"(anonymous_4)","decl":{"start":{"line":30,"column":37},"end":{"line":30,"column":38}},"loc":{"start":{"line":30,"column":54},"end":{"line":36,"column":7}},"line":30},"5":{"name":"(anonymous_5)","decl":{"start":{"line":38,"column":39},"end":{"line":38,"column":40}},"loc":{"start":{"line":38,"column":50},"end":{"line":40,"column":7}},"line":38}},"branchMap":{"0":{"loc":{"start":{"line":17,"column":8},"end":{"line":19,"column":9}},"type":"if","locations":[{"start":{"line":17,"column":8},"end":{"line":19,"column":9}},{"start":{},"end":{}}],"line":17},"1":{"loc":{"start":{"line":33,"column":8},"end":{"line":35,"column":9}},"type":"if","locations":[{"start":{"line":33,"column":8},"end":{"line":35,"column":9}},{"start":{},"end":{}}],"line":33}},"s":{"0":1,"1":6,"2":6,"3":6,"4":6,"5":6,"6":6,"7":6,"8":1,"9":6,"10":2,"11":1,"12":1,"13":6,"14":2,"15":2,"16":2,"17":6,"18":2,"19":2,"20":1,"21":6,"22":2,"23":1},"f":{"0":6,"1":1,"2":2,"3":2,"4":2,"5":2},"b":{"0":[1,1],"1":[1,1]},"_coverageSchema":"1a1c01bbd47fc00a2c39e90264f33305004495a9","hash":"8533445d9ce2255c9511ac91bd1d6e17e28cd648"}
,"C:\\Users\\james\\Desktop\\bootcamp\\jest-another-RPG\\lib\\Player.js": {"path":"C:\\Users\\james\\Desktop\\bootcamp\\jest-another-RPG\\lib\\Player.js","statementMap":{"0":{"start":{"line":1,"column":15},"end":{"line":1,"column":39}},"1":{"start":{"line":4,"column":4},"end":{"line":4,"column":21}},"2":{"start":{"line":6,"column":4},"end":{"line":6,"column":54}},"3":{"start":{"line":7,"column":4},"end":{"line":7,"column":54}},"4":{"start":{"line":8,"column":4},"end":{"line":8,"column":53}},"5":{"start":{"line":10,"column":4},"end":{"line":10,"column":58}},"6":{"start":{"line":13,"column":4},"end":{"line":20,"column":6}},"7":{"start":{"line":14,"column":8},"end":{"line":19,"column":10}},"8":{"start":{"line":23,"column":4},"end":{"line":28,"column":6}},"9":{"start":{"line":24,"column":8},"end":{"line":26,"column":9}},"10":{"start":{"line":25,"column":12},"end":{"line":25,"column":34}},"11":{"start":{"line":27,"column":8},"end":{"line":27,"column":21}},"12":{"start":{"line":30,"column":4},"end":{"line":32,"column":6}},"13":{"start":{"line":31,"column":8},"end":{"line":31,"column":62}},"14":{"start":{"line":34,"column":4},"end":{"line":39,"column":6}},"15":{"start":{"line":35,"column":8},"end":{"line":37,"column":9}},"16":{"start":{"line":36,"column":12},"end":{"line":36,"column":25}},"17":{"start":{"line":38,"column":8},"end":{"line":38,"column":20}},"18":{"start":{"line":41,"column":4},"end":{"line":47,"column":6}},"19":{"start":{"line":42,"column":8},"end":{"line":42,"column":30}},"20":{"start":{"line":44,"column":8},"end":{"line":46,"column":9}},"21":{"start":{"line":45,"column":12},"end":{"line":45,"column":28}},"22":{"start":{"line":49,"column":4},"end":{"line":54,"column":6}},"23":{"start":{"line":50,"column":20},"end":{"line":50,"column":37}},"24":{"start":{"line":51,"column":20},"end":{"line":51,"column":38}},"25":{"start":{"line":53,"column":8},"end":{"line":53,"column":61}},"26":{"start":{"line":56,"column":4},"end":{"line":58,"column":6}},"27":{"start":{"line":57,"column":8},"end":{"line":57,"column":36}},"28":{"start":{"line":60,"column":4},"end":{"line":74,"column":6}},"29":{"start":{"line":61,"column":23},"end":{"line":61,"column":62}},"30":{"start":{"line":63,"column":8},"end":{"line":73,"column":9}},"31":{"start":{"line":65,"column":16},"end":{"line":65,"column":45}},"32":{"start":{"line":66,"column":16},"end":{"line":66,"column":22}},"33":{"start":{"line":68,"column":16},"end":{"line":68,"column":44}},"34":{"start":{"line":69,"column":16},"end":{"line":69,"column":22}},"35":{"start":{"line":71,"column":16},"end":{"line":71,"column":46}},"36":{"start":{"line":72,"column":16},"end":{"line":72,"column":22}},"37":{"start":{"line":77,"column":0},"end":{"line":77,"column":24}}},"fnMap":{"0":{"name":"Player","decl":{"start":{"line":3,"column":9},"end":{"line":3,"column":15}},"loc":{"start":{"line":3,"column":27},"end":{"line":75,"column":1}},"line":3},"1":{"name":"(anonymous_1)","decl":{"start":{"line":13,"column":32},"end":{"line":13,"column":33}},"loc":{"start":{"line":13,"column":43},"end":{"line":20,"column":5}},"line":13},"2":{"name":"(anonymous_2)","decl":{"start":{"line":23,"column":36},"end":{"line":23,"column":37}},"loc":{"start":{"line":23,"column":47},"end":{"line":28,"column":5}},"line":23},"3":{"name":"(anonymous_3)","decl":{"start":{"line":30,"column":33},"end":{"line":30,"column":34}},"loc":{"start":{"line":30,"column":44},"end":{"line":32,"column":5}},"line":30},"4":{"name":"(anonymous_4)","decl":{"start":{"line":34,"column":31},"end":{"line":34,"column":32}},"loc":{"start":{"line":34,"column":42},"end":{"line":39,"column":5}},"line":34},"5":{"name":"(anonymous_5)","decl":{"start":{"line":41,"column":36},"end":{"line":41,"column":37}},"loc":{"start":{"line":41,"column":53},"end":{"line":47,"column":5}},"line":41},"6":{"name":"(anonymous_6)","decl":{"start":{"line":49,"column":38},"end":{"line":49,"column":39}},"loc":{"start":{"line":49,"column":49},"end":{"line":54,"column":5}},"line":49},"7":{"name":"(anonymous_7)","decl":{"start":{"line":56,"column":33},"end":{"line":56,"column":34}},"loc":{"start":{"line":56,"column":50},"end":{"line":58,"column":5}},"line":56},"8":{"name":"(anonymous_8)","decl":{"start":{"line":60,"column":33},"end":{"line":60,"column":34}},"loc":{"start":{"line":60,"column":49},"end":{"line":74,"column":5}},"line":60}},"branchMap":{"0":{"loc":{"start":{"line":3,"column":16},"end":{"line":3,"column":25}},"type":"default-arg","locations":[{"start":{"line":3,"column":23},"end":{"line":3,"column":25}}],"line":3},"1":{"loc":{"start":{"line":24,"column":8},"end":{"line":26,"column":9}},"type":"if","locations":[{"start":{"line":24,"column":8},"end":{"line":26,"column":9}},{"start":{},"end":{}}],"line":24},"2":{"loc":{"start":{"line":35,"column":8},"end":{"line":37,"column":9}},"type":"if","locations":[{"start":{"line":35,"column":8},"end":{"line":37,"column":9}},{"start":{},"end":{}}],"line":35},"3":{"loc":{"start":{"line":44,"column":8},"end":{"line":46,"column":9}},"type":"if","locations":[{"start":{"line":44,"column":8},"end":{"line":46,"column":9}},{"start":{},"end":{}}],"line":44},"4":{"loc":{"start":{"line":63,"column":8},"end":{"line":73,"column":9}},"type":"switch","locations":[{"start":{"line":64,"column":12},"end":{"line":66,"column":22}},{"start":{"line":67,"column":12},"end":{"line":69,"column":22}},{"start":{"line":70,"column":12},"end":{"line":72,"column":22}}],"line":63}},"s":{"0":1,"1":9,"2":9,"3":9,"4":9,"5":9,"6":9,"7":4,"8":9,"9":3,"10":2,"11":1,"12":9,"13":1,"14":9,"15":2,"16":1,"17":1,"18":9,"19":2,"20":2,"21":1,"22":9,"23":2,"24":2,"25":2,"26":9,"27":1,"28":9,"29":1,"30":1,"31":0,"32":0,"33":1,"34":1,"35":0,"36":0,"37":1},"f":{"0":9,"1":4,"2":3,"3":1,"4":2,"5":2,"6":2,"7":1,"8":1},"b":{"0":[0],"1":[2,1],"2":[1,1],"3":[1,1],"4":[0,1,0]},"_coverageSchema":"1a1c01bbd47fc00a2c39e90264f33305004495a9","hash":"b566becde4c582d077654af514286d0adc396ba4"}
,"C:\\Users\\james\\Desktop\\bootcamp\\jest-another-RPG\\lib\\Potion.js": {"path":"C:\\Users\\james\\Desktop\\bootcamp\\jest-another-RPG\\lib\\Potion.js","statementMap":{"0":{"start":{"line":2,"column":4},"end":{"line":2,"column":51}},"1":{"start":{"line":3,"column":4},"end":{"line":3,"column":82}},"2":{"start":{"line":5,"column":4},"end":{"line":9,"column":5}},"3":{"start":{"line":6,"column":8},"end":{"line":6,"column":57}},"4":{"start":{"line":8,"column":8},"end":{"line":8,"column":55}},"5":{"start":{"line":12,"column":0},"end":{"line":12,"column":24}}},"fnMap":{"0":{"name":"Potion","decl":{"start":{"line":1,"column":9},"end":{"line":1,"column":15}},"loc":{"start":{"line":1,"column":22},"end":{"line":10,"column":1}},"line":1}},"branchMap":{"0":{"loc":{"start":{"line":3,"column":16},"end":{"line":3,"column":81}},"type":"binary-expr","locations":[{"start":{"line":3,"column":16},"end":{"line":3,"column":20}},{"start":{"line":3,"column":24},"end":{"line":3,"column":81}}],"line":3},"1":{"loc":{"start":{"line":5,"column":4},"end":{"line":9,"column":5}},"type":"if","locations":[{"start":{"line":5,"column":4},"end":{"line":9,"column":5}},{"start":{"line":7,"column":11},"end":{"line":9,"column":5}}],"line":5}},"s":{"0":1,"1":1,"2":1,"3":1,"4":0,"5":1},"f":{"0":1},"b":{"0":[1,1],"1":[1,0]},"_coverageSchema":"1a1c01bbd47fc00a2c39e90264f33305004495a9","hash":"9d77e4d819190124d1bb3268ffbe3eec16537fdf"}
}
