TN:
SF:lib\Enemy.js
FN:3,Enemy
FN:12,(anonymous_1)
FN:16,(anonymous_2)
FN:23,(anonymous_3)
FN:30,(anonymous_4)
FN:38,(anonymous_5)
FNF:6
FNH:6
FNDA:6,Enemy
FNDA:1,(anonymous_1)
FNDA:2,(anonymous_2)
FNDA:2,(anonymous_3)
FNDA:2,(anonymous_4)
FNDA:2,(anonymous_5)
DA:1,1
DA:4,6
DA:5,6
DA:6,6
DA:8,6
DA:9,6
DA:10,6
DA:12,6
DA:13,1
DA:16,6
DA:17,2
DA:18,1
DA:20,1
DA:23,6
DA:24,2
DA:25,2
DA:27,2
DA:30,6
DA:31,2
DA:33,2
DA:34,1
DA:38,6
DA:39,2
DA:43,1
LF:24
LH:24
BRDA:17,0,0,1
BRDA:17,0,1,1
BRDA:33,1,0,1
BRDA:33,1,1,1
BRF:4
BRH:4
end_of_record
TN:
SF:lib\Player.js
FN:3,Player
FN:13,(anonymous_1)
FN:23,(anonymous_2)
FN:30,(anonymous_3)
FN:34,(anonymous_4)
FN:41,(anonymous_5)
FN:49,(anonymous_6)
FN:56,(anonymous_7)
FN:60,(anonymous_8)
FNF:9
FNH:9
FNDA:9,Player
FNDA:4,(anonymous_1)
FNDA:3,(anonymous_2)
FNDA:1,(anonymous_3)
FNDA:2,(anonymous_4)
FNDA:2,(anonymous_5)
FNDA:2,(anonymous_6)
FNDA:1,(anonymous_7)
FNDA:1,(anonymous_8)
DA:1,1
DA:4,9
DA:6,9
DA:7,9
DA:8,9
DA:10,9
DA:13,9
DA:14,4
DA:23,9
DA:24,3
DA:25,2
DA:27,1
DA:30,9
DA:31,1
DA:34,9
DA:35,2
DA:36,1
DA:38,1
DA:41,9
DA:42,2
DA:44,2
DA:45,1
DA:49,9
DA:50,2
DA:51,2
DA:53,2
DA:56,9
DA:57,1
DA:60,9
DA:61,1
DA:63,1
DA:65,0
DA:66,0
DA:68,1
DA:69,1
DA:71,0
DA:72,0
DA:77,1
LF:38
LH:34
BRDA:3,0,0,0
BRDA:24,1,0,2
BRDA:24,1,1,1
BRDA:35,2,0,1
BRDA:35,2,1,1
BRDA:44,3,0,1
BRDA:44,3,1,1
BRDA:63,4,0,0
BRDA:63,4,1,1
BRDA:63,4,2,0
BRF:10
BRH:7
end_of_record
TN:
SF:lib\Potion.js
FN:1,Potion
FNF:1
FNH:1
FNDA:1,Potion
DA:2,1
DA:3,1
DA:5,1
DA:6,1
DA:8,0
DA:12,1
LF:6
LH:5
BRDA:3,0,0,1
BRDA:3,0,1,1
BRDA:5,1,0,1
BRDA:5,1,1,0
BRF:4
BRH:3
end_of_record
